<!DOCTYPE html PUBLIC "-//W3C//DTD XHTML 1.1//EN" "http://www.w3.org/TR/xhtml11/DTD/xhtml11.dtd">
<html xmlns="http://www.w3.org/1999/xhtml"><head><title>TestNG Report</title><style type="text/css">table {margin-bottom:10px;border-collapse:collapse;empty-cells:show}th,td {border:1px solid #009;padding:.25em .5em}th {vertical-align:bottom}td {vertical-align:top}table a {font-weight:bold}.stripe td {background-color: #E6EBF9}.num {text-align:right}.passedodd td {background-color: #3F3}.passedeven td {background-color: #0A0}.skippedodd td {background-color: #DDD}.skippedeven td {background-color: #CCC}.failedodd td,.attn {background-color: #F33}.failedeven td,.stripe .attn {background-color: #D00}.stacktrace {white-space:pre;font-family:monospace}.totop {font-size:85%;text-align:center;border-bottom:2px solid #000}</style></head><body><table><tr><th>Test</th><th># Passed</th><th># Skipped</th><th># Failed</th><th>Time (ms)</th><th>Included Groups</th><th>Excluded Groups</th></tr><tr><th colspan="7">Suite</th></tr><tr><td><a href="#t0">Test</a></td><td class="num">10</td><td class="num">0</td><td class="num attn">2</td><td class="num">826,956</td><td></td><td></td></tr></table><table><thead><tr><th>Class</th><th>Method</th><th>Start</th><th>Time (ms)</th></tr></thead><tbody><tr><th colspan="4">Suite</th></tr></tbody><tbody id="t0"><tr><th colspan="4">Test &#8212; failed</th></tr><tr class="failedeven"><td rowspan="1">se.copernicus.IOS.EventTimeReport</td><td><a href="#m0">test1AddEventTimeReport</a></td><td rowspan="1">1412595159696</td><td rowspan="1">261466</td></tr><tr class="failedodd"><td rowspan="1">se.copernicus.IOS.MissingHours</td><td><a href="#m1">test1ValidateMissingHoursAndSubmit</a></td><td rowspan="1">1412595441329</td><td rowspan="1">227291</td></tr><tr><th colspan="4">Test &#8212; passed</th></tr><tr class="passedeven"><td rowspan="1">se.copernicus.IOS.ContactStaff</td><td><a href="#m2">test1ValidateContactStaff</a></td><td rowspan="1">1412595687019</td><td rowspan="1">59342</td></tr><tr class="passedodd"><td rowspan="5">se.copernicus.IOS.Login</td><td><a href="#m3">test1LoginFieldsValidation</a></td><td rowspan="1">1412594936598</td><td rowspan="1">13546</td></tr><tr class="passedodd"><td><a href="#m4">test2InvalidLogin</a></td><td rowspan="1">1412594950145</td><td rowspan="1">13384</td></tr><tr class="passedodd"><td><a href="#m5">test3DeleteUser</a></td><td rowspan="1">1412594963531</td><td rowspan="1">21206</td></tr><tr class="passedodd"><td><a href="#m6">test4InvalidPassword</a></td><td rowspan="1">1412594984738</td><td rowspan="1">8286</td></tr><tr class="passedodd"><td><a href="#m7">test5LoginTestCase</a></td><td rowspan="1">1412594993026</td><td rowspan="1">21689</td></tr><tr class="passedeven"><td rowspan="4">se.copernicus.IOS.TimeReport</td><td><a href="#m8">test1SearchCompany</a></td><td rowspan="1">1412595031121</td><td rowspan="1">40467</td></tr><tr class="passedeven"><td><a href="#m9">test2AddTimeReport</a></td><td rowspan="1">1412595071590</td><td rowspan="1">30480</td></tr><tr class="passedeven"><td><a href="#m10">test3EditTimeReport</a></td><td rowspan="1">1412595102072</td><td rowspan="1">19587</td></tr><tr class="passedeven"><td><a href="#m11">test4DeleteTimeReport</a></td><td rowspan="1">1412595121660</td><td rowspan="1">21685</td></tr></tbody></table><h2>Test</h2><h3 id="m0">se.copernicus.IOS.EventTimeReport#test1AddEventTimeReport</h3><table class="result"><tr><th>Messages</th></tr><tr><td><div class="messages">Login credentials entered successfully</div></td></tr><tr><th>Exception</th></tr><tr><td><div class="stacktrace">org.openqa.selenium.NoSuchElementException: An element could not be located on the page using the given search parameters. (WARNING: The server did not provide any stacktrace information)
Command duration or timeout: 180.55 seconds
For documentation on this error, please visit: http://seleniumhq.org/exceptions/no_such_element.html
Build info: version: &apos;2.41.0&apos;, revision: &apos;3192d8a6c4449dc285928ba024779344f5423c58&apos;, time: &apos;2014-03-27 11:29:39&apos;
System info: host: &apos;IPPRAKASHKUMAR&apos;, ip: &apos;192.168.1.84&apos;, os.name: &apos;Mac OS X&apos;, os.arch: &apos;x86_64&apos;, os.version: &apos;10.9.4&apos;, java.version: &apos;1.6.0_65&apos;
Session ID: ca8aaac9-5ce1-413d-93ba-64d160423632
Driver info: io.appium.java_client.AppiumDriver
Capabilities [{app=/Users/indpro/Documents/CopernicusMobileWorkspace/AutomationTesting/src/test/resources/cTimeSheetSimulator.app, platform=MAC, javascriptEnabled=true, databaseEnabled=false, platformName=ios, deviceName=iPhone, browserName=iOS, webStorageEnabled=false, desired={app=/Users/indpro/Documents/CopernicusMobileWorkspace/AutomationTesting/src/test/resources/cTimeSheetSimulator.app, platformName=ios, deviceName=iPhone}, locationContextEnabled=false, warnings={}, takesScreenshot=true}]
	at org.openqa.selenium.remote.ErrorHandler.createThrowable(ErrorHandler.java:193)
	at org.openqa.selenium.remote.ErrorHandler.throwIfResponseFailed(ErrorHandler.java:145)
	at org.openqa.selenium.remote.RemoteWebDriver.execute(RemoteWebDriver.java:595)
	at io.appium.java_client.AppiumDriver.execute(AppiumDriver.java:81)
	at org.openqa.selenium.remote.RemoteWebDriver.findElement(RemoteWebDriver.java:348)
	at org.openqa.selenium.remote.RemoteWebDriver.findElementByName(RemoteWebDriver.java:421)
	at org.openqa.selenium.By$ByName.findElement(By.java:299)
	at org.openqa.selenium.remote.RemoteWebDriver.findElement(RemoteWebDriver.java:340)
	at se.copernicus.IOS.EventTimeReport.test1AddEventTimeReport(EventTimeReport.java:81)
... Removed 28 stack frames</div></td></tr></table><p class="totop"><a href="#summary">back to summary</a></p><h3 id="m1">se.copernicus.IOS.MissingHours#test1ValidateMissingHoursAndSubmit</h3><table class="result"><tr><th>Messages</th></tr><tr><td><div class="messages">Login credentials entered successfully<br/>Validated Missing Hours successfully</div></td></tr><tr><th>Exception</th></tr><tr><td><div class="stacktrace">org.openqa.selenium.NoSuchElementException: An element could not be located on the page using the given search parameters. (WARNING: The server did not provide any stacktrace information)
Command duration or timeout: 182.42 seconds
For documentation on this error, please visit: http://seleniumhq.org/exceptions/no_such_element.html
Build info: version: &apos;2.41.0&apos;, revision: &apos;3192d8a6c4449dc285928ba024779344f5423c58&apos;, time: &apos;2014-03-27 11:29:39&apos;
System info: host: &apos;IPPRAKASHKUMAR&apos;, ip: &apos;192.168.1.84&apos;, os.name: &apos;Mac OS X&apos;, os.arch: &apos;x86_64&apos;, os.version: &apos;10.9.4&apos;, java.version: &apos;1.6.0_65&apos;
Session ID: 24535f22-eb19-43bc-85bf-b3b2e0128c52
Driver info: io.appium.java_client.AppiumDriver
Capabilities [{app=/Users/indpro/Documents/CopernicusMobileWorkspace/AutomationTesting/src/test/resources/cTimeSheetSimulator.app, platform=MAC, javascriptEnabled=true, databaseEnabled=false, platformName=ios, deviceName=iPhone, browserName=iOS, webStorageEnabled=false, desired={app=/Users/indpro/Documents/CopernicusMobileWorkspace/AutomationTesting/src/test/resources/cTimeSheetSimulator.app, platformName=ios, deviceName=iPhone}, locationContextEnabled=false, warnings={}, takesScreenshot=true}]
	at org.openqa.selenium.remote.ErrorHandler.createThrowable(ErrorHandler.java:193)
	at org.openqa.selenium.remote.ErrorHandler.throwIfResponseFailed(ErrorHandler.java:145)
	at org.openqa.selenium.remote.RemoteWebDriver.execute(RemoteWebDriver.java:595)
	at io.appium.java_client.AppiumDriver.execute(AppiumDriver.java:81)
	at org.openqa.selenium.remote.RemoteWebDriver.findElement(RemoteWebDriver.java:348)
	at org.openqa.selenium.remote.RemoteWebDriver.findElementByXPath(RemoteWebDriver.java:445)
	at org.openqa.selenium.By$ByXPath.findElement(By.java:357)
	at org.openqa.selenium.remote.RemoteWebDriver.findElement(RemoteWebDriver.java:340)
	at se.copernicus.IOS.MissingHours.LogoutTestCase(MissingHours.java:85)
	at se.copernicus.IOS.MissingHours.test1ValidateMissingHoursAndSubmit(MissingHours.java:79)
... Removed 28 stack frames</div></td></tr></table><p class="totop"><a href="#summary">back to summary</a></p><h3 id="m2">se.copernicus.IOS.ContactStaff#test1ValidateContactStaff</h3><table class="result"><tr><th>Messages</th></tr><tr><td><div class="messages">Login credentials entered successfully<br/>Validated Contact Staff successfully<br/>Logout tested Successfully</div></td></tr></table><p class="totop"><a href="#summary">back to summary</a></p><h3 id="m3">se.copernicus.IOS.Login#test1LoginFieldsValidation</h3><table class="result"><tr><th>Messages</th></tr><tr><td><div class="messages">Login credentials entered successfully</div></td></tr></table><p class="totop"><a href="#summary">back to summary</a></p><h3 id="m4">se.copernicus.IOS.Login#test2InvalidLogin</h3><table class="result"><tr><th>Messages</th></tr><tr><td><div class="messages">Invalid Login tested Successfully</div></td></tr></table><p class="totop"><a href="#summary">back to summary</a></p><h3 id="m5">se.copernicus.IOS.Login#test3DeleteUser</h3><table class="result"><tr><th>Messages</th></tr><tr><td><div class="messages">Delete User tested Successfully</div></td></tr></table><p class="totop"><a href="#summary">back to summary</a></p><h3 id="m6">se.copernicus.IOS.Login#test4InvalidPassword</h3><table class="result"><tr><th>Messages</th></tr><tr><td><div class="messages">Invalid Password tested Successfully</div></td></tr></table><p class="totop"><a href="#summary">back to summary</a></p><h3 id="m7">se.copernicus.IOS.Login#test5LoginTestCase</h3><table class="result"><tr><th>Messages</th></tr><tr><td><div class="messages">Login successfull<br/>Logout tested Successfully</div></td></tr></table><p class="totop"><a href="#summary">back to summary</a></p><h3 id="m8">se.copernicus.IOS.TimeReport#test1SearchCompany</h3><table class="result"><tr><th>Messages</th></tr><tr><td><div class="messages">Login credentials entered successfully<br/>Search script tested Successfully</div></td></tr></table><p class="totop"><a href="#summary">back to summary</a></p><h3 id="m9">se.copernicus.IOS.TimeReport#test2AddTimeReport</h3><table class="result"><tr><th>Messages</th></tr><tr><td><div class="messages">Time Report Added Successfully</div></td></tr></table><p class="totop"><a href="#summary">back to summary</a></p><h3 id="m10">se.copernicus.IOS.TimeReport#test3EditTimeReport</h3><table class="result"><tr><th>Messages</th></tr><tr><td><div class="messages">Time Report Edited Successfully</div></td></tr></table><p class="totop"><a href="#summary">back to summary</a></p><h3 id="m11">se.copernicus.IOS.TimeReport#test4DeleteTimeReport</h3><table class="result"><tr><th>Messages</th></tr><tr><td><div class="messages">Time Report Deleted Successfully<br/>Logout tested Successfully</div></td></tr></table><p class="totop"><a href="#summary">back to summary</a></p></body></html>