<?xml version="1.0" encoding="UTF-8"?>
<testng-results skipped="0" failed="2" total="12" passed="10">
  <reporter-output>
    <line>
      <![CDATA[App launched]]>
    </line>
    <line>
      <![CDATA[Login credentials entered successfully]]>
    </line>
    <line>
      <![CDATA[Invalid Login tested Successfully]]>
    </line>
    <line>
      <![CDATA[Delete User tested Successfully]]>
    </line>
    <line>
      <![CDATA[Invalid Password tested Successfully]]>
    </line>
    <line>
      <![CDATA[Login successfull]]>
    </line>
    <line>
      <![CDATA[Logout tested Successfully]]>
    </line>
    <line>
      <![CDATA[App launched]]>
    </line>
    <line>
      <![CDATA[Login credentials entered successfully]]>
    </line>
    <line>
      <![CDATA[Search script tested Successfully]]>
    </line>
    <line>
      <![CDATA[Time Report Added Successfully]]>
    </line>
    <line>
      <![CDATA[Time Report Edited Successfully]]>
    </line>
    <line>
      <![CDATA[Time Report Deleted Successfully]]>
    </line>
    <line>
      <![CDATA[Logout tested Successfully]]>
    </line>
    <line>
      <![CDATA[App launched]]>
    </line>
    <line>
      <![CDATA[Login credentials entered successfully]]>
    </line>
    <line>
      <![CDATA[App launched]]>
    </line>
    <line>
      <![CDATA[Login credentials entered successfully]]>
    </line>
    <line>
      <![CDATA[Validated Missing Hours successfully]]>
    </line>
    <line>
      <![CDATA[App launched]]>
    </line>
    <line>
      <![CDATA[Login credentials entered successfully]]>
    </line>
    <line>
      <![CDATA[Validated Contact Staff successfully]]>
    </line>
    <line>
      <![CDATA[Logout tested Successfully]]>
    </line>
  </reporter-output>
  <suite name="Suite" duration-ms="826956" started-at="2014-10-06T11:28:40Z" finished-at="2014-10-06T11:42:27Z">
    <groups>
    </groups>
    <test name="Test" duration-ms="826956" started-at="2014-10-06T11:28:40Z" finished-at="2014-10-06T11:42:27Z">
      <class name="se.copernicus.IOS.Login">
        <test-method status="PASS" signature="setUp()[pri:0, instance:se.copernicus.IOS.Login@30384065]" name="setUp" is-config="true" duration-ms="15666" started-at="2014-10-06T16:58:40Z" finished-at="2014-10-06T16:58:56Z">
          <reporter-output>
            <line>
              <![CDATA[App launched]]>
            </line>
          </reporter-output>
        </test-method> <!-- setUp -->
        <test-method status="PASS" signature="test1LoginFieldsValidation()[pri:0, instance:se.copernicus.IOS.Login@30384065]" name="test1LoginFieldsValidation" duration-ms="13546" started-at="2014-10-06T16:58:56Z" finished-at="2014-10-06T16:59:10Z">
          <reporter-output>
            <line>
              <![CDATA[Login credentials entered successfully]]>
            </line>
          </reporter-output>
        </test-method> <!-- test1LoginFieldsValidation -->
        <test-method status="PASS" signature="test2InvalidLogin()[pri:0, instance:se.copernicus.IOS.Login@30384065]" name="test2InvalidLogin" duration-ms="13384" started-at="2014-10-06T16:59:10Z" finished-at="2014-10-06T16:59:23Z">
          <reporter-output>
            <line>
              <![CDATA[Invalid Login tested Successfully]]>
            </line>
          </reporter-output>
        </test-method> <!-- test2InvalidLogin -->
        <test-method status="PASS" signature="test3DeleteUser()[pri:0, instance:se.copernicus.IOS.Login@30384065]" name="test3DeleteUser" duration-ms="21206" started-at="2014-10-06T16:59:23Z" finished-at="2014-10-06T16:59:44Z">
          <reporter-output>
            <line>
              <![CDATA[Delete User tested Successfully]]>
            </line>
          </reporter-output>
        </test-method> <!-- test3DeleteUser -->
        <test-method status="PASS" signature="test4InvalidPassword()[pri:0, instance:se.copernicus.IOS.Login@30384065]" name="test4InvalidPassword" duration-ms="8286" started-at="2014-10-06T16:59:44Z" finished-at="2014-10-06T16:59:53Z">
          <reporter-output>
            <line>
              <![CDATA[Invalid Password tested Successfully]]>
            </line>
          </reporter-output>
        </test-method> <!-- test4InvalidPassword -->
        <test-method status="PASS" signature="test5LoginTestCase()[pri:0, instance:se.copernicus.IOS.Login@30384065]" name="test5LoginTestCase" duration-ms="21689" started-at="2014-10-06T16:59:53Z" finished-at="2014-10-06T17:00:14Z">
          <reporter-output>
            <line>
              <![CDATA[Login successfull]]>
            </line>
            <line>
              <![CDATA[Logout tested Successfully]]>
            </line>
          </reporter-output>
        </test-method> <!-- test5LoginTestCase -->
        <test-method status="PASS" signature="tearDown()[pri:0, instance:se.copernicus.IOS.Login@30384065]" name="tearDown" is-config="true" duration-ms="1180" started-at="2014-10-06T17:00:14Z" finished-at="2014-10-06T17:00:15Z">
          <reporter-output>
          </reporter-output>
        </test-method> <!-- tearDown -->
      </class> <!-- se.copernicus.IOS.Login -->
      <class name="se.copernicus.IOS.TimeReport">
        <test-method status="PASS" signature="setUp()[pri:0, instance:se.copernicus.IOS.TimeReport@1089cc5e]" name="setUp" is-config="true" duration-ms="15224" started-at="2014-10-06T17:00:15Z" finished-at="2014-10-06T17:00:31Z">
          <reporter-output>
            <line>
              <![CDATA[App launched]]>
            </line>
          </reporter-output>
        </test-method> <!-- setUp -->
        <test-method status="PASS" signature="test1SearchCompany()[pri:0, instance:se.copernicus.IOS.TimeReport@1089cc5e]" name="test1SearchCompany" duration-ms="40467" started-at="2014-10-06T17:00:31Z" finished-at="2014-10-06T17:01:11Z">
          <reporter-output>
            <line>
              <![CDATA[Login credentials entered successfully]]>
            </line>
            <line>
              <![CDATA[Search script tested Successfully]]>
            </line>
          </reporter-output>
        </test-method> <!-- test1SearchCompany -->
        <test-method status="PASS" signature="test2AddTimeReport()[pri:0, instance:se.copernicus.IOS.TimeReport@1089cc5e]" name="test2AddTimeReport" duration-ms="30480" started-at="2014-10-06T17:01:11Z" finished-at="2014-10-06T17:01:42Z">
          <reporter-output>
            <line>
              <![CDATA[Time Report Added Successfully]]>
            </line>
          </reporter-output>
        </test-method> <!-- test2AddTimeReport -->
        <test-method status="PASS" signature="test3EditTimeReport()[pri:0, instance:se.copernicus.IOS.TimeReport@1089cc5e]" name="test3EditTimeReport" duration-ms="19587" started-at="2014-10-06T17:01:42Z" finished-at="2014-10-06T17:02:01Z">
          <reporter-output>
            <line>
              <![CDATA[Time Report Edited Successfully]]>
            </line>
          </reporter-output>
        </test-method> <!-- test3EditTimeReport -->
        <test-method status="PASS" signature="test4DeleteTimeReport()[pri:0, instance:se.copernicus.IOS.TimeReport@1089cc5e]" name="test4DeleteTimeReport" duration-ms="21685" started-at="2014-10-06T17:02:01Z" finished-at="2014-10-06T17:02:23Z">
          <reporter-output>
            <line>
              <![CDATA[Time Report Deleted Successfully]]>
            </line>
            <line>
              <![CDATA[Logout tested Successfully]]>
            </line>
          </reporter-output>
        </test-method> <!-- test4DeleteTimeReport -->
        <test-method status="PASS" signature="tearDown()[pri:0, instance:se.copernicus.IOS.TimeReport@1089cc5e]" name="tearDown" is-config="true" duration-ms="1429" started-at="2014-10-06T17:02:23Z" finished-at="2014-10-06T17:02:24Z">
          <reporter-output>
          </reporter-output>
        </test-method> <!-- tearDown -->
      </class> <!-- se.copernicus.IOS.TimeReport -->
      <class name="se.copernicus.IOS.EventTimeReport">
        <test-method status="PASS" signature="setUp()[pri:0, instance:se.copernicus.IOS.EventTimeReport@5f326484]" name="setUp" is-config="true" duration-ms="14919" started-at="2014-10-06T17:02:24Z" finished-at="2014-10-06T17:02:39Z">
          <reporter-output>
            <line>
              <![CDATA[App launched]]>
            </line>
          </reporter-output>
        </test-method> <!-- setUp -->
        <test-method status="FAIL" signature="test1AddEventTimeReport()[pri:0, instance:se.copernicus.IOS.EventTimeReport@5f326484]" name="test1AddEventTimeReport" duration-ms="261466" started-at="2014-10-06T17:02:39Z" finished-at="2014-10-06T17:07:01Z">
          <exception class="org.openqa.selenium.NoSuchElementException">
            <message>
              <![CDATA[An element could not be located on the page using the given search parameters. (WARNING: The server did not provide any stacktrace information)
Command duration or timeout: 180.55 seconds
For documentation on this error, please visit: http://seleniumhq.org/exceptions/no_such_element.html
Build info: version: '2.41.0', revision: '3192d8a6c4449dc285928ba024779344f5423c58', time: '2014-03-27 11:29:39'
System info: host: 'IPPRAKASHKUMAR', ip: '192.168.1.84', os.name: 'Mac OS X', os.arch: 'x86_64', os.version: '10.9.4', java.version: '1.6.0_65'
Session ID: ca8aaac9-5ce1-413d-93ba-64d160423632
Driver info: io.appium.java_client.AppiumDriver
Capabilities [{app=/Users/indpro/Documents/CopernicusMobileWorkspace/AutomationTesting/src/test/resources/cTimeSheetSimulator.app, platform=MAC, javascriptEnabled=true, databaseEnabled=false, platformName=ios, deviceName=iPhone, browserName=iOS, webStorageEnabled=false, desired={app=/Users/indpro/Documents/CopernicusMobileWorkspace/AutomationTesting/src/test/resources/cTimeSheetSimulator.app, platformName=ios, deviceName=iPhone}, locationContextEnabled=false, warnings={}, takesScreenshot=true}]]]>
            </message>
            <full-stacktrace>
              <![CDATA[org.openqa.selenium.NoSuchElementException: An element could not be located on the page using the given search parameters. (WARNING: The server did not provide any stacktrace information)
Command duration or timeout: 180.55 seconds
For documentation on this error, please visit: http://seleniumhq.org/exceptions/no_such_element.html
Build info: version: '2.41.0', revision: '3192d8a6c4449dc285928ba024779344f5423c58', time: '2014-03-27 11:29:39'
System info: host: 'IPPRAKASHKUMAR', ip: '192.168.1.84', os.name: 'Mac OS X', os.arch: 'x86_64', os.version: '10.9.4', java.version: '1.6.0_65'
Session ID: ca8aaac9-5ce1-413d-93ba-64d160423632
Driver info: io.appium.java_client.AppiumDriver
Capabilities [{app=/Users/indpro/Documents/CopernicusMobileWorkspace/AutomationTesting/src/test/resources/cTimeSheetSimulator.app, platform=MAC, javascriptEnabled=true, databaseEnabled=false, platformName=ios, deviceName=iPhone, browserName=iOS, webStorageEnabled=false, desired={app=/Users/indpro/Documents/CopernicusMobileWorkspace/AutomationTesting/src/test/resources/cTimeSheetSimulator.app, platformName=ios, deviceName=iPhone}, locationContextEnabled=false, warnings={}, takesScreenshot=true}]
	at sun.reflect.NativeConstructorAccessorImpl.newInstance0(Native Method)
	at sun.reflect.NativeConstructorAccessorImpl.newInstance(NativeConstructorAccessorImpl.java:39)
	at sun.reflect.DelegatingConstructorAccessorImpl.newInstance(DelegatingConstructorAccessorImpl.java:27)
	at java.lang.reflect.Constructor.newInstance(Constructor.java:513)
	at org.openqa.selenium.remote.ErrorHandler.createThrowable(ErrorHandler.java:193)
	at org.openqa.selenium.remote.ErrorHandler.throwIfResponseFailed(ErrorHandler.java:145)
	at org.openqa.selenium.remote.RemoteWebDriver.execute(RemoteWebDriver.java:595)
	at io.appium.java_client.AppiumDriver.execute(AppiumDriver.java:81)
	at org.openqa.selenium.remote.RemoteWebDriver.findElement(RemoteWebDriver.java:348)
	at org.openqa.selenium.remote.RemoteWebDriver.findElementByName(RemoteWebDriver.java:421)
	at org.openqa.selenium.By$ByName.findElement(By.java:299)
	at org.openqa.selenium.remote.RemoteWebDriver.findElement(RemoteWebDriver.java:340)
	at se.copernicus.IOS.EventTimeReport.test1AddEventTimeReport(EventTimeReport.java:81)
	at sun.reflect.NativeMethodAccessorImpl.invoke0(Native Method)
	at sun.reflect.NativeMethodAccessorImpl.invoke(NativeMethodAccessorImpl.java:39)
	at sun.reflect.DelegatingMethodAccessorImpl.invoke(DelegatingMethodAccessorImpl.java:25)
	at java.lang.reflect.Method.invoke(Method.java:597)
	at org.testng.internal.MethodInvocationHelper.invokeMethod(MethodInvocationHelper.java:84)
	at org.testng.internal.Invoker.invokeMethod(Invoker.java:714)
	at org.testng.internal.Invoker.invokeTestMethod(Invoker.java:901)
	at org.testng.internal.Invoker.invokeTestMethods(Invoker.java:1231)
	at org.testng.internal.TestMethodWorker.invokeTestMethods(TestMethodWorker.java:127)
	at org.testng.internal.TestMethodWorker.run(TestMethodWorker.java:111)
	at org.testng.TestRunner.privateRun(TestRunner.java:767)
	at org.testng.TestRunner.run(TestRunner.java:617)
	at org.testng.SuiteRunner.runTest(SuiteRunner.java:334)
	at org.testng.SuiteRunner.runSequentially(SuiteRunner.java:329)
	at org.testng.SuiteRunner.privateRun(SuiteRunner.java:291)
	at org.testng.SuiteRunner.run(SuiteRunner.java:240)
	at org.testng.SuiteRunnerWorker.runSuite(SuiteRunnerWorker.java:52)
	at org.testng.SuiteRunnerWorker.run(SuiteRunnerWorker.java:86)
	at org.testng.TestNG.runSuitesSequentially(TestNG.java:1224)
	at org.testng.TestNG.runSuitesLocally(TestNG.java:1149)
	at org.testng.TestNG.run(TestNG.java:1057)
	at org.testng.remote.RemoteTestNG.run(RemoteTestNG.java:111)
	at org.testng.remote.RemoteTestNG.initAndRun(RemoteTestNG.java:204)
	at org.testng.remote.RemoteTestNG.main(RemoteTestNG.java:175)
]]>
            </full-stacktrace>
          </exception> <!-- org.openqa.selenium.NoSuchElementException -->
          <reporter-output>
            <line>
              <![CDATA[Login credentials entered successfully]]>
            </line>
          </reporter-output>
        </test-method> <!-- test1AddEventTimeReport -->
        <test-method status="PASS" signature="tearDown()[pri:0, instance:se.copernicus.IOS.EventTimeReport@5f326484]" name="tearDown" is-config="true" duration-ms="3276" started-at="2014-10-06T17:07:01Z" finished-at="2014-10-06T17:07:04Z">
          <reporter-output>
          </reporter-output>
        </test-method> <!-- tearDown -->
      </class> <!-- se.copernicus.IOS.EventTimeReport -->
      <class name="se.copernicus.IOS.MissingHours">
        <test-method status="PASS" signature="setUp()[pri:0, instance:se.copernicus.IOS.MissingHours@54520eb]" name="setUp" is-config="true" duration-ms="16889" started-at="2014-10-06T17:07:04Z" finished-at="2014-10-06T17:07:21Z">
          <reporter-output>
            <line>
              <![CDATA[App launched]]>
            </line>
          </reporter-output>
        </test-method> <!-- setUp -->
        <test-method status="FAIL" signature="test1ValidateMissingHoursAndSubmit()[pri:0, instance:se.copernicus.IOS.MissingHours@54520eb]" name="test1ValidateMissingHoursAndSubmit" duration-ms="227291" started-at="2014-10-06T17:07:21Z" finished-at="2014-10-06T17:11:08Z">
          <exception class="org.openqa.selenium.NoSuchElementException">
            <message>
              <![CDATA[An element could not be located on the page using the given search parameters. (WARNING: The server did not provide any stacktrace information)
Command duration or timeout: 182.42 seconds
For documentation on this error, please visit: http://seleniumhq.org/exceptions/no_such_element.html
Build info: version: '2.41.0', revision: '3192d8a6c4449dc285928ba024779344f5423c58', time: '2014-03-27 11:29:39'
System info: host: 'IPPRAKASHKUMAR', ip: '192.168.1.84', os.name: 'Mac OS X', os.arch: 'x86_64', os.version: '10.9.4', java.version: '1.6.0_65'
Session ID: 24535f22-eb19-43bc-85bf-b3b2e0128c52
Driver info: io.appium.java_client.AppiumDriver
Capabilities [{app=/Users/indpro/Documents/CopernicusMobileWorkspace/AutomationTesting/src/test/resources/cTimeSheetSimulator.app, platform=MAC, javascriptEnabled=true, databaseEnabled=false, platformName=ios, deviceName=iPhone, browserName=iOS, webStorageEnabled=false, desired={app=/Users/indpro/Documents/CopernicusMobileWorkspace/AutomationTesting/src/test/resources/cTimeSheetSimulator.app, platformName=ios, deviceName=iPhone}, locationContextEnabled=false, warnings={}, takesScreenshot=true}]]]>
            </message>
            <full-stacktrace>
              <![CDATA[org.openqa.selenium.NoSuchElementException: An element could not be located on the page using the given search parameters. (WARNING: The server did not provide any stacktrace information)
Command duration or timeout: 182.42 seconds
For documentation on this error, please visit: http://seleniumhq.org/exceptions/no_such_element.html
Build info: version: '2.41.0', revision: '3192d8a6c4449dc285928ba024779344f5423c58', time: '2014-03-27 11:29:39'
System info: host: 'IPPRAKASHKUMAR', ip: '192.168.1.84', os.name: 'Mac OS X', os.arch: 'x86_64', os.version: '10.9.4', java.version: '1.6.0_65'
Session ID: 24535f22-eb19-43bc-85bf-b3b2e0128c52
Driver info: io.appium.java_client.AppiumDriver
Capabilities [{app=/Users/indpro/Documents/CopernicusMobileWorkspace/AutomationTesting/src/test/resources/cTimeSheetSimulator.app, platform=MAC, javascriptEnabled=true, databaseEnabled=false, platformName=ios, deviceName=iPhone, browserName=iOS, webStorageEnabled=false, desired={app=/Users/indpro/Documents/CopernicusMobileWorkspace/AutomationTesting/src/test/resources/cTimeSheetSimulator.app, platformName=ios, deviceName=iPhone}, locationContextEnabled=false, warnings={}, takesScreenshot=true}]
	at sun.reflect.NativeConstructorAccessorImpl.newInstance0(Native Method)
	at sun.reflect.NativeConstructorAccessorImpl.newInstance(NativeConstructorAccessorImpl.java:39)
	at sun.reflect.DelegatingConstructorAccessorImpl.newInstance(DelegatingConstructorAccessorImpl.java:27)
	at java.lang.reflect.Constructor.newInstance(Constructor.java:513)
	at org.openqa.selenium.remote.ErrorHandler.createThrowable(ErrorHandler.java:193)
	at org.openqa.selenium.remote.ErrorHandler.throwIfResponseFailed(ErrorHandler.java:145)
	at org.openqa.selenium.remote.RemoteWebDriver.execute(RemoteWebDriver.java:595)
	at io.appium.java_client.AppiumDriver.execute(AppiumDriver.java:81)
	at org.openqa.selenium.remote.RemoteWebDriver.findElement(RemoteWebDriver.java:348)
	at org.openqa.selenium.remote.RemoteWebDriver.findElementByXPath(RemoteWebDriver.java:445)
	at org.openqa.selenium.By$ByXPath.findElement(By.java:357)
	at org.openqa.selenium.remote.RemoteWebDriver.findElement(RemoteWebDriver.java:340)
	at se.copernicus.IOS.MissingHours.LogoutTestCase(MissingHours.java:85)
	at se.copernicus.IOS.MissingHours.test1ValidateMissingHoursAndSubmit(MissingHours.java:79)
	at sun.reflect.NativeMethodAccessorImpl.invoke0(Native Method)
	at sun.reflect.NativeMethodAccessorImpl.invoke(NativeMethodAccessorImpl.java:39)
	at sun.reflect.DelegatingMethodAccessorImpl.invoke(DelegatingMethodAccessorImpl.java:25)
	at java.lang.reflect.Method.invoke(Method.java:597)
	at org.testng.internal.MethodInvocationHelper.invokeMethod(MethodInvocationHelper.java:84)
	at org.testng.internal.Invoker.invokeMethod(Invoker.java:714)
	at org.testng.internal.Invoker.invokeTestMethod(Invoker.java:901)
	at org.testng.internal.Invoker.invokeTestMethods(Invoker.java:1231)
	at org.testng.internal.TestMethodWorker.invokeTestMethods(TestMethodWorker.java:127)
	at org.testng.internal.TestMethodWorker.run(TestMethodWorker.java:111)
	at org.testng.TestRunner.privateRun(TestRunner.java:767)
	at org.testng.TestRunner.run(TestRunner.java:617)
	at org.testng.SuiteRunner.runTest(SuiteRunner.java:334)
	at org.testng.SuiteRunner.runSequentially(SuiteRunner.java:329)
	at org.testng.SuiteRunner.privateRun(SuiteRunner.java:291)
	at org.testng.SuiteRunner.run(SuiteRunner.java:240)
	at org.testng.SuiteRunnerWorker.runSuite(SuiteRunnerWorker.java:52)
	at org.testng.SuiteRunnerWorker.run(SuiteRunnerWorker.java:86)
	at org.testng.TestNG.runSuitesSequentially(TestNG.java:1224)
	at org.testng.TestNG.runSuitesLocally(TestNG.java:1149)
	at org.testng.TestNG.run(TestNG.java:1057)
	at org.testng.remote.RemoteTestNG.run(RemoteTestNG.java:111)
	at org.testng.remote.RemoteTestNG.initAndRun(RemoteTestNG.java:204)
	at org.testng.remote.RemoteTestNG.main(RemoteTestNG.java:175)
]]>
            </full-stacktrace>
          </exception> <!-- org.openqa.selenium.NoSuchElementException -->
          <reporter-output>
            <line>
              <![CDATA[Login credentials entered successfully]]>
            </line>
            <line>
              <![CDATA[Validated Missing Hours successfully]]>
            </line>
          </reporter-output>
        </test-method> <!-- test1ValidateMissingHoursAndSubmit -->
        <test-method status="PASS" signature="tearDown()[pri:0, instance:se.copernicus.IOS.MissingHours@54520eb]" name="tearDown" is-config="true" duration-ms="1787" started-at="2014-10-06T17:11:08Z" finished-at="2014-10-06T17:11:10Z">
          <reporter-output>
          </reporter-output>
        </test-method> <!-- tearDown -->
      </class> <!-- se.copernicus.IOS.MissingHours -->
      <class name="se.copernicus.IOS.ContactStaff">
        <test-method status="PASS" signature="setUp()[pri:0, instance:se.copernicus.IOS.ContactStaff@46c837cd]" name="setUp" is-config="true" duration-ms="16610" started-at="2014-10-06T17:11:10Z" finished-at="2014-10-06T17:11:27Z">
          <reporter-output>
            <line>
              <![CDATA[App launched]]>
            </line>
          </reporter-output>
        </test-method> <!-- setUp -->
        <test-method status="PASS" signature="test1ValidateContactStaff()[pri:0, instance:se.copernicus.IOS.ContactStaff@46c837cd]" name="test1ValidateContactStaff" duration-ms="59342" started-at="2014-10-06T17:11:27Z" finished-at="2014-10-06T17:12:26Z">
          <reporter-output>
            <line>
              <![CDATA[Login credentials entered successfully]]>
            </line>
            <line>
              <![CDATA[Validated Contact Staff successfully]]>
            </line>
            <line>
              <![CDATA[Logout tested Successfully]]>
            </line>
          </reporter-output>
        </test-method> <!-- test1ValidateContactStaff -->
        <test-method status="PASS" signature="tearDown()[pri:0, instance:se.copernicus.IOS.ContactStaff@46c837cd]" name="tearDown" is-config="true" duration-ms="1513" started-at="2014-10-06T17:12:26Z" finished-at="2014-10-06T17:12:27Z">
          <reporter-output>
          </reporter-output>
        </test-method> <!-- tearDown -->
      </class> <!-- se.copernicus.IOS.ContactStaff -->
    </test> <!-- Test -->
  </suite> <!-- Suite -->
</testng-results>
