<?xml version="1.0" encoding="UTF-8"?>
<!-- Generated by org.testng.reporters.JUnitXMLReporter -->
<testsuite hostname="IPPRAKASHKUMAR" name="Test" tests="12" failures="2" timestamp="6 Oct 2014 11:42:27 GMT" time="826.956" errors="0">
  <testcase name="test1LoginFieldsValidation" time="13.546" classname="se.copernicus.IOS.Login"/>
  <testcase name="test2InvalidLogin" time="13.384" classname="se.copernicus.IOS.Login"/>
  <testcase name="test3DeleteUser" time="21.206" classname="se.copernicus.IOS.Login"/>
  <testcase name="test4InvalidPassword" time="8.286" classname="se.copernicus.IOS.Login"/>
  <testcase name="test5LoginTestCase" time="21.689" classname="se.copernicus.IOS.Login"/>
  <testcase name="test1SearchCompany" time="40.467" classname="se.copernicus.IOS.TimeReport"/>
  <testcase name="test2AddTimeReport" time="30.48" classname="se.copernicus.IOS.TimeReport"/>
  <testcase name="test3EditTimeReport" time="19.587" classname="se.copernicus.IOS.TimeReport"/>
  <testcase name="test4DeleteTimeReport" time="21.685" classname="se.copernicus.IOS.TimeReport"/>
  <testcase name="test1AddEventTimeReport" time="261.466" classname="se.copernicus.IOS.EventTimeReport">
    <failure type="org.openqa.selenium.NoSuchElementException" message="An element could not be located on the page using the given search parameters. (WARNING: The server did not provide any stacktrace information)
Command duration or timeout: 180.55 seconds
For documentation on this error, please visit: http://seleniumhq.org/exceptions/no_such_element.html
Build info: version: &amp;apos;2.41.0&amp;apos;, revision: &amp;apos;3192d8a6c4449dc285928ba024779344f5423c58&amp;apos;, time: &amp;apos;2014-03-27 11:29:39&amp;apos;
System info: host: &amp;apos;IPPRAKASHKUMAR&amp;apos;, ip: &amp;apos;192.168.1.84&amp;apos;, os.name: &amp;apos;Mac OS X&amp;apos;, os.arch: &amp;apos;x86_64&amp;apos;, os.version: &amp;apos;10.9.4&amp;apos;, java.version: &amp;apos;1.6.0_65&amp;apos;
Session ID: ca8aaac9-5ce1-413d-93ba-64d160423632
Driver info: io.appium.java_client.AppiumDriver
Capabilities [{app=/Users/indpro/Documents/CopernicusMobileWorkspace/AutomationTesting/src/test/resources/cTimeSheetSimulator.app, platform=MAC, javascriptEnabled=true, databaseEnabled=false, platformName=ios, deviceName=iPhone, browserName=iOS, webStorageEnabled=false, desired={app=/Users/indpro/Documents/CopernicusMobileWorkspace/AutomationTesting/src/test/resources/cTimeSheetSimulator.app, platformName=ios, deviceName=iPhone}, locationContextEnabled=false, warnings={}, takesScreenshot=true}]">
      <![CDATA[org.openqa.selenium.NoSuchElementException: An element could not be located on the page using the given search parameters. (WARNING: The server did not provide any stacktrace information)
Command duration or timeout: 180.55 seconds
For documentation on this error, please visit: http://seleniumhq.org/exceptions/no_such_element.html
Build info: version: '2.41.0', revision: '3192d8a6c4449dc285928ba024779344f5423c58', time: '2014-03-27 11:29:39'
System info: host: 'IPPRAKASHKUMAR', ip: '192.168.1.84', os.name: 'Mac OS X', os.arch: 'x86_64', os.version: '10.9.4', java.version: '1.6.0_65'
Session ID: ca8aaac9-5ce1-413d-93ba-64d160423632
Driver info: io.appium.java_client.AppiumDriver
Capabilities [{app=/Users/indpro/Documents/CopernicusMobileWorkspace/AutomationTesting/src/test/resources/cTimeSheetSimulator.app, platform=MAC, javascriptEnabled=true, databaseEnabled=false, platformName=ios, deviceName=iPhone, browserName=iOS, webStorageEnabled=false, desired={app=/Users/indpro/Documents/CopernicusMobileWorkspace/AutomationTesting/src/test/resources/cTimeSheetSimulator.app, platformName=ios, deviceName=iPhone}, locationContextEnabled=false, warnings={}, takesScreenshot=true}]
	at org.openqa.selenium.remote.ErrorHandler.createThrowable(ErrorHandler.java:193)
	at org.openqa.selenium.remote.ErrorHandler.throwIfResponseFailed(ErrorHandler.java:145)
	at org.openqa.selenium.remote.RemoteWebDriver.execute(RemoteWebDriver.java:595)
	at io.appium.java_client.AppiumDriver.execute(AppiumDriver.java:81)
	at org.openqa.selenium.remote.RemoteWebDriver.findElement(RemoteWebDriver.java:348)
	at org.openqa.selenium.remote.RemoteWebDriver.findElementByName(RemoteWebDriver.java:421)
	at org.openqa.selenium.By$ByName.findElement(By.java:299)
	at org.openqa.selenium.remote.RemoteWebDriver.findElement(RemoteWebDriver.java:340)
	at se.copernicus.IOS.EventTimeReport.test1AddEventTimeReport(EventTimeReport.java:81)
... Removed 28 stack frames]]>
    </failure>
  </testcase> <!-- test1AddEventTimeReport -->
  <testcase name="test1ValidateMissingHoursAndSubmit" time="227.291" classname="se.copernicus.IOS.MissingHours">
    <failure type="org.openqa.selenium.NoSuchElementException" message="An element could not be located on the page using the given search parameters. (WARNING: The server did not provide any stacktrace information)
Command duration or timeout: 182.42 seconds
For documentation on this error, please visit: http://seleniumhq.org/exceptions/no_such_element.html
Build info: version: &amp;apos;2.41.0&amp;apos;, revision: &amp;apos;3192d8a6c4449dc285928ba024779344f5423c58&amp;apos;, time: &amp;apos;2014-03-27 11:29:39&amp;apos;
System info: host: &amp;apos;IPPRAKASHKUMAR&amp;apos;, ip: &amp;apos;192.168.1.84&amp;apos;, os.name: &amp;apos;Mac OS X&amp;apos;, os.arch: &amp;apos;x86_64&amp;apos;, os.version: &amp;apos;10.9.4&amp;apos;, java.version: &amp;apos;1.6.0_65&amp;apos;
Session ID: 24535f22-eb19-43bc-85bf-b3b2e0128c52
Driver info: io.appium.java_client.AppiumDriver
Capabilities [{app=/Users/indpro/Documents/CopernicusMobileWorkspace/AutomationTesting/src/test/resources/cTimeSheetSimulator.app, platform=MAC, javascriptEnabled=true, databaseEnabled=false, platformName=ios, deviceName=iPhone, browserName=iOS, webStorageEnabled=false, desired={app=/Users/indpro/Documents/CopernicusMobileWorkspace/AutomationTesting/src/test/resources/cTimeSheetSimulator.app, platformName=ios, deviceName=iPhone}, locationContextEnabled=false, warnings={}, takesScreenshot=true}]">
      <![CDATA[org.openqa.selenium.NoSuchElementException: An element could not be located on the page using the given search parameters. (WARNING: The server did not provide any stacktrace information)
Command duration or timeout: 182.42 seconds
For documentation on this error, please visit: http://seleniumhq.org/exceptions/no_such_element.html
Build info: version: '2.41.0', revision: '3192d8a6c4449dc285928ba024779344f5423c58', time: '2014-03-27 11:29:39'
System info: host: 'IPPRAKASHKUMAR', ip: '192.168.1.84', os.name: 'Mac OS X', os.arch: 'x86_64', os.version: '10.9.4', java.version: '1.6.0_65'
Session ID: 24535f22-eb19-43bc-85bf-b3b2e0128c52
Driver info: io.appium.java_client.AppiumDriver
Capabilities [{app=/Users/indpro/Documents/CopernicusMobileWorkspace/AutomationTesting/src/test/resources/cTimeSheetSimulator.app, platform=MAC, javascriptEnabled=true, databaseEnabled=false, platformName=ios, deviceName=iPhone, browserName=iOS, webStorageEnabled=false, desired={app=/Users/indpro/Documents/CopernicusMobileWorkspace/AutomationTesting/src/test/resources/cTimeSheetSimulator.app, platformName=ios, deviceName=iPhone}, locationContextEnabled=false, warnings={}, takesScreenshot=true}]
	at org.openqa.selenium.remote.ErrorHandler.createThrowable(ErrorHandler.java:193)
	at org.openqa.selenium.remote.ErrorHandler.throwIfResponseFailed(ErrorHandler.java:145)
	at org.openqa.selenium.remote.RemoteWebDriver.execute(RemoteWebDriver.java:595)
	at io.appium.java_client.AppiumDriver.execute(AppiumDriver.java:81)
	at org.openqa.selenium.remote.RemoteWebDriver.findElement(RemoteWebDriver.java:348)
	at org.openqa.selenium.remote.RemoteWebDriver.findElementByXPath(RemoteWebDriver.java:445)
	at org.openqa.selenium.By$ByXPath.findElement(By.java:357)
	at org.openqa.selenium.remote.RemoteWebDriver.findElement(RemoteWebDriver.java:340)
	at se.copernicus.IOS.MissingHours.LogoutTestCase(MissingHours.java:85)
	at se.copernicus.IOS.MissingHours.test1ValidateMissingHoursAndSubmit(MissingHours.java:79)
... Removed 28 stack frames]]>
    </failure>
  </testcase> <!-- test1ValidateMissingHoursAndSubmit -->
  <testcase name="test1ValidateContactStaff" time="59.342" classname="se.copernicus.IOS.ContactStaff"/>
</testsuite> <!-- Test -->
